<?xml version="1.0" encoding="UTF-8"?>
<!-- Generated by org.testng.reporters.JUnitReportReporter -->
<testsuite skipped="0" hostname="DESKTOP-NEQQNR3" name="com.frametestng.ClassA" tests="1" failures="0" timestamp="07 Jan 2022 08:40:12 GMT" time="13.471" errors="0">
  <testcase name="chromeLaunch" time="13.471" classname="com.frametestng.ClassA"/>
</testsuite> <!-- com.frametestng.ClassA -->
