<?xml version="1.0" encoding="UTF-8"?>
<!-- Generated by org.testng.reporters.JUnitReportReporter -->
<testsuite skipped="0" hostname="DESKTOP-NEQQNR3" name="com.frametestng.ClassC" tests="1" failures="0" timestamp="07 Jan 2022 08:40:12 GMT" time="12.096" errors="0">
  <testcase name="fireFoxBrowser" time="12.096" classname="com.frametestng.ClassC"/>
</testsuite> <!-- com.frametestng.ClassC -->
